<?xml version="1.0" encoding="UTF-8"?>
<!-- Generated by org.testng.reporters.JUnitReportReporter -->
<testsuite hostname="Alan" failures="0" tests="7" name="StepDefinition.TestRunner" time="82.038" errors="0" timestamp="2022-04-03T20:12:01 AEST" skipped="0">
  <testcase classname="StepDefinition.TestRunner" name="runScenario" time="9.975"/>
  <system-out/>
  <testcase classname="StepDefinition.TestRunner" name="runScenario" time="13.426"/>
  <system-out/>
  <testcase classname="StepDefinition.TestRunner" name="runScenario" time="13.842"/>
  <system-out/>
  <testcase classname="StepDefinition.TestRunner" name="runScenario" time="9.894"/>
  <system-out/>
  <testcase classname="StepDefinition.TestRunner" name="runScenario" time="9.929"/>
  <system-out/>
  <testcase classname="StepDefinition.TestRunner" name="runScenario" time="11.330"/>
  <system-out/>
  <testcase classname="StepDefinition.TestRunner" name="runScenario" time="13.642"/>
  <system-out/>
</testsuite> <!-- StepDefinition.TestRunner -->
